[36mvite v5.4.21 [32mbuilding for production...[36m[39m
transforming...
[32m✓[39m 1762 modules transformed.
[31mx[39m Build failed in 4.47s
[31merror during build:
[31msrc/pages/Profile.jsx (4:2): "Linkedin" is not exported by "node_modules/lucide-react/dist/esm/lucide-react.mjs", imported by "src/pages/Profile.jsx".[31m
file: [36mC:/Users/AKASH/OneDrive/Desktop/New folder (3)/erp-frontend/src/pages/Profile.jsx:4:2[31m
[33m
2: import { 
3:   Mail, Phone, Building, MapPin, Calendar, Clock, 
4:   Linkedin, Twitter, Github, Globe,
     ^
5:   Briefcase, CheckCircle2, Trophy, Edit, 
6:   CheckCircle, Lock, LogIn, Edit3
[31m
    at getRollupError (file:///C:/Users/AKASH/OneDrive/Desktop/New%20folder%20(3)/erp-frontend/node_modules/rollup/dist/es/shared/parseAst.js:406:41)
    at error (file:///C:/Users/AKASH/OneDrive/Desktop/New%20folder%20(3)/erp-frontend/node_modules/rollup/dist/es/shared/parseAst.js:402:42)
    at Module.error (file:///C:/Users/AKASH/OneDrive/Desktop/New%20folder%20(3)/erp-frontend/node_modules/rollup/dist/es/shared/node-entry.js:17384:16)
    at Module.traceVariable (file:///C:/Users/AKASH/OneDrive/Desktop/New%20folder%20(3)/erp-frontend/node_modules/rollup/dist/es/shared/node-entry.js:17817:29)
    at ModuleScope.findVariable (file:///C:/Users/AKASH/OneDrive/Desktop/New%20folder%20(3)/erp-frontend/node_modules/rollup/dist/es/shared/node-entry.js:15407:39)
    at FunctionScope.findVariable (file:///C:/Users/AKASH/OneDrive/Desktop/New%20folder%20(3)/erp-frontend/node_modules/rollup/dist/es/shared/node-entry.js:5676:38)
    at FunctionBodyScope.findVariable (file:///C:/Users/AKASH/OneDrive/Desktop/New%20folder%20(3)/erp-frontend/node_modules/rollup/dist/es/shared/node-entry.js:5676:38)
    at Identifier.bind (file:///C:/Users/AKASH/OneDrive/Desktop/New%20folder%20(3)/erp-frontend/node_modules/rollup/dist/es/shared/node-entry.js:5450:40)
    at CallExpression.bind (file:///C:/Users/AKASH/OneDrive/Desktop/New%20folder%20(3)/erp-frontend/node_modules/rollup/dist/es/shared/node-entry.js:2828:28)
    at CallExpression.bind (file:///C:/Users/AKASH/OneDrive/Desktop/New%20folder%20(3)/erp-frontend/node_modules/rollup/dist/es/shared/node-entry.js:12516:15)[39m
